Executing tasks: [assembleRelease] in project /home/la4/AndroidStudioProjects/funktionierender_pepper/app

AGPBI: {"kind":"warning","text":"We recommend using a newer Android Gradle plugin to use compileSdk = 34\n\nThis Android Gradle plugin (7.1.3) was tested up to compileSdk = 32\n\nThis warning can be suppressed by adding\n    android.suppressUnsupportedCompileSdk=34\nto this project's gradle.properties\n\nThe build will continue, but you are strongly encouraged to update your project to\nuse a newer Android Gradle Plugin that has been tested with compileSdk = 34","sources":[{}]}
> Task :app:preBuild UP-TO-DATE
> Task :app:preReleaseBuild UP-TO-DATE
> Task :app:compileReleaseAidl NO-SOURCE
> Task :app:compileReleaseRenderscript NO-SOURCE
> Task :app:generateReleaseBuildConfig
> Task :app:javaPreCompileRelease
> Task :app:generateReleaseResValues
> Task :app:generateReleaseResources
> Task :app:checkReleaseAarMetadata
> Task :app:packageReleaseResources
> Task :app:createReleaseCompatibleScreenManifests
> Task :app:extractDeepLinksRelease
> Task :app:parseReleaseLocalResources
> Task :app:processReleaseMainManifest
> Task :app:processReleaseManifest
> Task :app:extractProguardFiles
> Task :app:mergeReleaseJniLibFolders
> Task :app:desugarReleaseFileDependencies
> Task :app:mergeReleaseResources
> Task :app:checkReleaseDuplicateClasses
> Task :app:mergeReleaseNativeLibs

> Task :app:stripReleaseDebugSymbols
Unable to strip the following libraries, packaging them as they are: libc++_shared.so, libgnustl_shared.so, libqi.so, libqimessagingjni.so.

> Task :app:mergeReleaseArtProfile

> Task :app:extractReleaseNativeSymbolTables
Unable to extract native debug metadata from /home/la4/AndroidStudioProjects/funktionierender_pepper/app/build/intermediates/merged_native_libs/release/out/lib/x86_64/libgnustl_shared.so because unable to locate the objcopy executable for the x86_64 ABI.
Unable to extract native debug metadata from /home/la4/AndroidStudioProjects/funktionierender_pepper/app/build/intermediates/merged_native_libs/release/out/lib/x86_64/libqi.so because unable to locate the objcopy executable for the x86_64 ABI.
Unable to extract native debug metadata from /home/la4/AndroidStudioProjects/funktionierender_pepper/app/build/intermediates/merged_native_libs/release/out/lib/x86_64/libqimessagingjni.so because unable to locate the objcopy executable for the x86_64 ABI.
Unable to extract native debug metadata from /home/la4/AndroidStudioProjects/funktionierender_pepper/app/build/intermediates/merged_native_libs/release/out/lib/armeabi-v7a/libgnustl_shared.so because unable to locate the objcopy executable for the armeabi-v7a ABI.
Unable to extract native debug metadata from /home/la4/AndroidStudioProjects/funktionierender_pepper/app/build/intermediates/merged_native_libs/release/out/lib/armeabi-v7a/libqi.so because unable to locate the objcopy executable for the armeabi-v7a ABI.
Unable to extract native debug metadata from /home/la4/AndroidStudioProjects/funktionierender_pepper/app/build/intermediates/merged_native_libs/release/out/lib/armeabi-v7a/libqimessagingjni.so because unable to locate the objcopy executable for the armeabi-v7a ABI.
Unable to extract native debug metadata from /home/la4/AndroidStudioProjects/funktionierender_pepper/app/build/intermediates/merged_native_libs/release/out/lib/x86/libgnustl_shared.so because unable to locate the objcopy executable for the x86 ABI.
Unable to extract native debug metadata from /home/la4/AndroidStudioProjects/funktionierender_pepper/app/build/intermediates/merged_native_libs/release/out/lib/x86/libqi.so because unable to locate the objcopy executable for the x86 ABI.
Unable to extract native debug metadata from /home/la4/AndroidStudioProjects/funktionierender_pepper/app/build/intermediates/merged_native_libs/release/out/lib/x86/libqimessagingjni.so because unable to locate the objcopy executable for the x86 ABI.
Unable to extract native debug metadata from /home/la4/AndroidStudioProjects/funktionierender_pepper/app/build/intermediates/merged_native_libs/release/out/lib/arm64-v8a/libqi.so because unable to locate the objcopy executable for the arm64-v8a ABI.
Unable to extract native debug metadata from /home/la4/AndroidStudioProjects/funktionierender_pepper/app/build/intermediates/merged_native_libs/release/out/lib/arm64-v8a/libc++_shared.so because unable to locate the objcopy executable for the arm64-v8a ABI.
Unable to extract native debug metadata from /home/la4/AndroidStudioProjects/funktionierender_pepper/app/build/intermediates/merged_native_libs/release/out/lib/arm64-v8a/libqimessagingjni.so because unable to locate the objcopy executable for the arm64-v8a ABI.

> Task :app:mergeReleaseShaders
> Task :app:mergeReleaseNativeDebugMetadata NO-SOURCE
> Task :app:compileReleaseShaders NO-SOURCE
> Task :app:generateReleaseAssets UP-TO-DATE
> Task :app:mergeReleaseAssets
> Task :app:processReleaseJavaRes NO-SOURCE
> Task :app:compressReleaseAssets
> Task :app:collectReleaseDependencies
> Task :app:sdkReleaseDependencyData
> Task :app:validateSigningRelease
> Task :app:writeReleaseAppMetadata
> Task :app:writeReleaseSigningConfigVersions
> Task :app:processReleaseManifestForPackage
> Task :app:mergeReleaseJavaResource
> Task :app:processReleaseResources
> Task :app:mergeExtDexRelease

> Task :app:compileReleaseJavaWithJavac
Note: Some input files use or override a deprecated API.
Note: Recompile with -Xlint:deprecation for details.

> Task :app:dexBuilderRelease
> Task :app:optimizeReleaseResources

> Task :app:lintVitalAnalyzeRelease
w: Runtime JAR files in the classpath should have the same version. These files were found in the classpath:
    /home/la4/.gradle/caches/modules-2/files-2.1/org.jetbrains.kotlin/kotlin-stdlib-jdk7/1.3.72/3adfc2f4ea4243e01204be8081fe63bde6b12815/kotlin-stdlib-jdk7-1.3.72.jar (version 1.3)
    /home/la4/.gradle/caches/modules-2/files-2.1/org.jetbrains.kotlin/kotlin-stdlib/1.4.0/63e75298e93d4ae0b299bb869cf0c627196f8843/kotlin-stdlib-1.4.0.jar (version 1.4)
    /home/la4/.gradle/caches/modules-2/files-2.1/org.jetbrains.kotlin/kotlin-stdlib-common/1.4.0/1c752cce0ead8d504ccc88a4fed6471fd83ab0dd/kotlin-stdlib-common-1.4.0.jar (version 1.4)
w: Some runtime JAR files in the classpath have an incompatible version. Consider removing them from the classpath

> Task :app:mergeDexRelease
> Task :app:compileReleaseArtProfile
> Task :app:packageRelease FAILED

> Task :app:lintVitalReportRelease
w: Runtime JAR files in the classpath should have the same version. These files were found in the classpath:
    /home/la4/.gradle/caches/modules-2/files-2.1/org.jetbrains.kotlin/kotlin-stdlib-jdk7/1.3.72/3adfc2f4ea4243e01204be8081fe63bde6b12815/kotlin-stdlib-jdk7-1.3.72.jar (version 1.3)
    /home/la4/.gradle/caches/modules-2/files-2.1/org.jetbrains.kotlin/kotlin-stdlib/1.4.0/63e75298e93d4ae0b299bb869cf0c627196f8843/kotlin-stdlib-1.4.0.jar (version 1.4)
    /home/la4/.gradle/caches/modules-2/files-2.1/org.jetbrains.kotlin/kotlin-stdlib-common/1.4.0/1c752cce0ead8d504ccc88a4fed6471fd83ab0dd/kotlin-stdlib-common-1.4.0.jar (version 1.4)
w: Some runtime JAR files in the classpath have an incompatible version. Consider removing them from the classpath

> Task :app:lintVitalRelease

FAILURE: Build failed with an exception.

* What went wrong:
Execution failed for task ':app:packageRelease'.
> A failure occurred while executing com.android.build.gradle.tasks.PackageAndroidArtifact$IncrementalSplitterRunnable
   > com.android.ide.common.signing.KeytoolException: Failed to read key buhler-messebot from store "/home/la4/AndroidStudioProjects/funktionierender_pepper/buhler-messebot.jks": Integrity check failed: java.security.NoSuchAlgorithmException: Algorithm HmacPBESHA256 not available

* Try:
Run with --stacktrace option to get the stack trace. Run with --info or --debug option to get more log output. Run with --scan to get full insights.

* Get more help at https://help.gradle.org

BUILD FAILED in 40s
40 actionable tasks: 40 executed
